<?xml version="1.0" encoding="UTF-8"?>
<testsuite name="ZeichenZaehlenTest" tests="2" skipped="0" failures="0" errors="0" timestamp="2022-01-12T14:36:11" hostname="DESKTOP-6IECT8M" time="0.023">
  <properties/>
  <testcase name="countCharactersDasDarfNichtSein()" classname="ZeichenZaehlenTest" time="0.021"/>
  <testcase name="countCharactersDasDarfNichtSeinCaseInsensitiv()" classname="ZeichenZaehlenTest" time="0.001"/>
  <system-out><![CDATA[]]></system-out>
  <system-err><![CDATA[]]></system-err>
</testsuite>
